


ARM Macro Assembler    Page 1 


    1 00000000         ;/******************************************************
                       ************************
    2 00000000         ; * @file     startup_I94100.s
    3 00000000         ; * @version  V0.10
    4 00000000         ; * $Revision: 1 $
    5 00000000         ; * $Date: 16/06/14 10:24a $ 
    6 00000000         ; * @brief   CMSIS ARM Cortex-M4 Core Device Startup Fil
                       e
    7 00000000         ; *
    8 00000000         ; * @note
    9 00000000         ; * Copyright (C) 2016 Nuvoton Technology Corp. All righ
                       ts reserved.
   10 00000000         ;*******************************************************
                       **********************/
   11 00000000         ;/*
   12 00000000         ;//-------- <<< Use Configuration Wizard in Context Menu
                        >>> ------------------
   13 00000000         ;*/
   14 00000000         
   15 00000000         
   16 00000000         ; <h> Stack Configuration
   17 00000000         ;   <o> Stack Size (in Bytes) <0x0-0xFFFFFFFF:8>
   18 00000000         ; </h>
   19 00000000 00001000 
                       Stack_Size
                               EQU              0x000001000
   20 00000000                 AREA             STACK, NOINIT, READWRITE, ALIGN
=3
   21 00000000         Stack_Mem
                               SPACE            Stack_Size
   22 00001000         __initial_sp
   23 00001000         
   24 00001000         
   25 00001000         ; <h> Heap Configuration
   26 00001000         ;   <o>  Heap Size (in Bytes) <0x0-0xFFFFFFFF:8>
   27 00001000         ; </h>
   28 00001000         
   29 00001000 00000000 
                       Heap_Size
                               EQU              0x00000000
   30 00001000         
   31 00001000                 AREA             HEAP, NOINIT, READWRITE, ALIGN=
3
   32 00000000         __heap_base
   33 00000000         Heap_Mem
                               SPACE            Heap_Size
   34 00000000         __heap_limit
   35 00000000         
   36 00000000         
   37 00000000                 PRESERVE8
   38 00000000                 THUMB
   39 00000000         
   40 00000000         
   41 00000000         ; Vector Table Mapped to Address 0 at Reset
   42 00000000         
   43 00000000                 AREA             RESET, DATA, READONLY
   44 00000000                 EXPORT           __Vectors
   45 00000000                 EXPORT           __Vectors_End
   46 00000000                 EXPORT           __Vectors_Size



ARM Macro Assembler    Page 2 


   47 00000000         
   48 00000000 00000000 
                       __Vectors
                               DCD              __initial_sp ; Top of Stack
   49 00000004 00000000        DCD              Reset_Handler ; Reset Handler
   50 00000008 00000000        DCD              NMI_Handler ; NMI Handler
   51 0000000C 00000000        DCD              HardFault_Handler ; Hard Fault 
                                                            Handler
   52 00000010 00000000        DCD              MemManage_Handler 
                                                            ; MPU Fault Handler
                                                            
   53 00000014 00000000        DCD              BusFault_Handler 
                                                            ; Bus Fault Handler
                                                            
   54 00000018 00000000        DCD              UsageFault_Handler ; Usage Faul
                                                            t Handler
   55 0000001C 00000000        DCD              0           ; Reserved
   56 00000020 00000000        DCD              0           ; Reserved
   57 00000024 00000000        DCD              0           ; Reserved
   58 00000028 00000000        DCD              0           ; Reserved
   59 0000002C 00000000        DCD              SVC_Handler ; SVCall Handler
   60 00000030 00000000        DCD              DebugMon_Handler ; Debug Monito
                                                            r Handler
   61 00000034 00000000        DCD              0           ; Reserved
   62 00000038 00000000        DCD              PendSV_Handler ; PendSV Handler
                                                            
   63 0000003C 00000000        DCD              SysTick_Handler 
                                                            ; SysTick Handler
   64 00000040         
   65 00000040         ; External Interrupts
   66 00000040 00000000        DCD              BOD_IRQHandler ; 0: Brown Out d
                                                            etection
   67 00000044 00000000        DCD              IRC_IRQHandler ; 1: Internal RC
                                                            
   68 00000048 00000000        DCD              PWRWU_IRQHandler ; 2: Power dow
                                                            n wake up 
   69 0000004C 00000000        DCD              SRAMF_IRQHandler ; 3: SRAM pari
                                                            ty check error 
   70 00000050 00000000        DCD              CLKF_IRQHandler ; 4: Clock fail
                                                             detected 
   71 00000054 00000000        DCD              Default_Handler ; 5: Reserved
   72 00000058 00000000        DCD              RTC_IRQHandler ; 6: Real Time C
                                                            lock 
   73 0000005C 00000000        DCD              Default_Handler ; 7: Reserved
   74 00000060 00000000        DCD              WDT_IRQHandler 
                                                            ; 8: Watchdog timer
                                                            
   75 00000064 00000000        DCD              WWDT_IRQHandler ; 9: Window wat
                                                            chdog timer
   76 00000068 00000000        DCD              EINT0_IRQHandler ; 10: External
                                                             Input 0
   77 0000006C 00000000        DCD              EINT1_IRQHandler ; 11: External
                                                             Input 1
   78 00000070 00000000        DCD              EINT2_IRQHandler ; 12: External
                                                             Input 2
   79 00000074 00000000        DCD              EINT3_IRQHandler ; 13: External
                                                             Input 3
   80 00000078 00000000        DCD              EINT4_IRQHandler ; 14: External
                                                             Input 4



ARM Macro Assembler    Page 3 


   81 0000007C 00000000        DCD              EINT5_IRQHandler ; 15: External
                                                             Input 5
   82 00000080 00000000        DCD              GPA_IRQHandler 
                                                            ; 16: GPIO Port A
   83 00000084 00000000        DCD              GPB_IRQHandler 
                                                            ; 17: GPIO Port B
   84 00000088 00000000        DCD              GPC_IRQHandler 
                                                            ; 18: GPIO Port C
   85 0000008C 00000000        DCD              GPD_IRQHandler 
                                                            ; 19: GPIO Port D
   86 00000090 00000000        DCD              Default_Handler ; 20: Reserved
   87 00000094 00000000        DCD              Default_Handler ; 21: Reserved
   88 00000098 00000000        DCD              SPI0_IRQHandler ; 22: SPI0
   89 0000009C 00000000        DCD              SPI1_IRQHandler ; 23: SPI1
   90 000000A0 00000000        DCD              Default_Handler ; 24: Reserved
   91 000000A4 00000000        DCD              PWM0P0_IRQHandler ; 25: PWM0 pa
                                                            ir 0 interrupt
   92 000000A8 00000000        DCD              PWM0P1_IRQHandler ; 26: PWM0 pa
                                                            ir 1 interrupt
   93 000000AC 00000000        DCD              PWM0P2_IRQHandler ; 27: PWM0 pa
                                                            ir 2 interrupt
   94 000000B0 00000000        DCD              Default_Handler ; 28: Reserved
   95 000000B4 00000000        DCD              Default_Handler ; 29: Reserved
   96 000000B8 00000000        DCD              Default_Handler ; 30: Reserved
   97 000000BC 00000000        DCD              Default_Handler ; 31: Reserved
   98 000000C0 00000000        DCD              TMR0_IRQHandler ; 32: Timer 0
   99 000000C4 00000000        DCD              TMR1_IRQHandler ; 33: Timer 1
  100 000000C8 00000000        DCD              TMR2_IRQHandler ; 34: Timer 2
  101 000000CC 00000000        DCD              TMR3_IRQHandler ; 35: Timer 3
  102 000000D0 00000000        DCD              UART0_IRQHandler ; 36: UART0
  103 000000D4 00000000        DCD              Default_Handler ; 37: Reserved
  104 000000D8 00000000        DCD              I2C0_IRQHandler ; 38: I2C0
  105 000000DC 00000000        DCD              I2C1_IRQHandler ; 39: I2C1
  106 000000E0 00000000        DCD              PDMA_IRQHandler ; 40: Periphera
                                                            l DMA
  107 000000E4 00000000        DCD              Default_Handler ; 41: Reserved
  108 000000E8 00000000        DCD              EADC0_IRQHandler 
                                                            ; 42: EADC source 0
                                                            
  109 000000EC 00000000        DCD              EADC1_IRQHandler 
                                                            ; 43: EADC source 1
                                                            
  110 000000F0 00000000        DCD              Default_Handler ; 44: Reserved
  111 000000F4 00000000        DCD              Default_Handler ; 45: Reserved
  112 000000F8 00000000        DCD              EADC2_IRQHandler 
                                                            ; 46: EADC source 2
                                                            
  113 000000FC 00000000        DCD              EADC3_IRQHandler 
                                                            ; 47: EADC source 3
                                                            
  114 00000100 00000000        DCD              Default_Handler ; 48: Reserved
  115 00000104 00000000        DCD              Default_Handler ; 49: Reserved
  116 00000108 00000000        DCD              Default_Handler ; 50: Reserved
  117 0000010C 00000000        DCD              SPI2_IRQHandler ; 51: SPI2
  118 00000110 00000000        DCD              DMIC_IRQHandler ; 52: DMIC
  119 00000114 00000000        DCD              USBD_IRQHandler ; 53: USBD
  120 00000118 00000000        DCD              Default_Handler ; 54: 
  121 0000011C 00000000        DCD              Default_Handler ; 55: 
  122 00000120 00000000        DCD              VAD_IRQHandler ; 56: VAD



ARM Macro Assembler    Page 4 


  123 00000124 00000000        DCD              Default_Handler ; 57: 
  124 00000128 00000000        DCD              Default_Handler ; 58: 
  125 0000012C 00000000        DCD              Default_Handler ; 59: 
  126 00000130 00000000        DCD              Default_Handler ; 60:
  127 00000134 00000000        DCD              Default_Handler ; 61:
  128 00000138 00000000        DCD              DPWM_IRQHandler ; 62: DPWM
  129 0000013C 00000000        DCD              Default_Handler ; 63:
  130 00000140 00000000        DCD              Default_Handler ; 64: 
  131 00000144 00000000        DCD              Default_Handler ; 65: 
  132 00000148 00000000        DCD              Default_Handler ; 66: 
  133 0000014C 00000000        DCD              Default_Handler ; 67:
  134 00000150 00000000        DCD              I2S0_IRQHandler ; 68: I2S0
  135 00000154         
  136 00000154         __Vectors_End
  137 00000154         
  138 00000154 00000154 
                       __Vectors_Size
                               EQU              __Vectors_End - __Vectors
  139 00000154         
  140 00000154                 AREA             |.text|, CODE, READONLY
  141 00000000         
  142 00000000         
  143 00000000         ; Reset Handler
  144 00000000         
  145 00000000         Reset_Handler
                               PROC
  146 00000000                 EXPORT           Reset_Handler             [WEAK
]
  147 00000000                 IMPORT           SystemInit
  148 00000000                 IMPORT           __main
  149 00000000         ; Set event and execute WFE to ensure WIC is initialized
                       .
  150 00000000         ; Because WIC state doesn't synchronize with NVIC when M
                       0 is in standby domain 
  151 00000000 BF40            SEV
  152 00000002 BF20            WFE
  153 00000004 4809            LDR              R0, =SystemInit
  154 00000006 4780            BLX              R0
  155 00000008 4809            LDR              R0, =__main
  156 0000000A 4700            BX               R0
  157 0000000C                 ENDP
  158 0000000C         
  159 0000000C         
  160 0000000C         ; Dummy Exception Handlers (infinite loops which can be 
                       modified)
  161 0000000C         
  162 0000000C         NMI_Handler
                               PROC
  163 0000000C                 EXPORT           NMI_Handler               [WEAK
]
  164 0000000C E7FE            B                .
  165 0000000E                 ENDP
  167 0000000E         HardFault_Handler
                               PROC
  168 0000000E                 EXPORT           HardFault_Handler         [WEAK
]
  169 0000000E E7FE            B                .
  170 00000010                 ENDP
  172 00000010         MemManage_Handler



ARM Macro Assembler    Page 5 


                               PROC
  173 00000010                 EXPORT           MemManage_Handler         [WEAK
]
  174 00000010 E7FE            B                .
  175 00000012                 ENDP
  177 00000012         BusFault_Handler
                               PROC
  178 00000012                 EXPORT           BusFault_Handler          [WEAK
]
  179 00000012 E7FE            B                .
  180 00000014                 ENDP
  182 00000014         UsageFault_Handler
                               PROC
  183 00000014                 EXPORT           UsageFault_Handler        [WEAK
]
  184 00000014 E7FE            B                .
  185 00000016                 ENDP
  186 00000016         SVC_Handler
                               PROC
  187 00000016                 EXPORT           SVC_Handler               [WEAK
]
  188 00000016 E7FE            B                .
  189 00000018                 ENDP
  191 00000018         DebugMon_Handler
                               PROC
  192 00000018                 EXPORT           DebugMon_Handler          [WEAK
]
  193 00000018 E7FE            B                .
  194 0000001A                 ENDP
  196 0000001A         PendSV_Handler
                               PROC
  197 0000001A                 EXPORT           PendSV_Handler            [WEAK
]
  198 0000001A E7FE            B                .
  199 0000001C                 ENDP
  201 0000001C         SysTick_Handler
                               PROC
  202 0000001C                 EXPORT           SysTick_Handler           [WEAK
]
  203 0000001C E7FE            B                .
  204 0000001E                 ENDP
  205 0000001E         
  206 0000001E         Default_Handler
                               PROC
  207 0000001E         
  208 0000001E                 EXPORT           BOD_IRQHandler            [WEAK
]
  209 0000001E                 EXPORT           IRC_IRQHandler            [WEAK
]
  210 0000001E                 EXPORT           PWRWU_IRQHandler          [WEAK
]
  211 0000001E                 EXPORT           SRAMF_IRQHandler          [WEAK
]
  212 0000001E                 EXPORT           CLKF_IRQHandler        [WEAK]
  213 0000001E                 EXPORT           RTC_IRQHandler            [WEAK
]
  214 0000001E                 EXPORT           WDT_IRQHandler            [WEAK
]
  215 0000001E                 EXPORT           WWDT_IRQHandler           [WEAK



ARM Macro Assembler    Page 6 


]
  216 0000001E                 EXPORT           EINT0_IRQHandler          [WEAK
]
  217 0000001E                 EXPORT           EINT1_IRQHandler          [WEAK
]
  218 0000001E                 EXPORT           EINT2_IRQHandler          [WEAK
]
  219 0000001E                 EXPORT           EINT3_IRQHandler          [WEAK
]
  220 0000001E                 EXPORT           EINT4_IRQHandler          [WEAK
]
  221 0000001E                 EXPORT           EINT5_IRQHandler          [WEAK
]
  222 0000001E                 EXPORT           GPA_IRQHandler            [WEAK
]
  223 0000001E                 EXPORT           GPB_IRQHandler            [WEAK
]
  224 0000001E                 EXPORT           GPC_IRQHandler            [WEAK
]
  225 0000001E                 EXPORT           GPD_IRQHandler            [WEAK
]
  226 0000001E                 EXPORT           SPI0_IRQHandler           [WEAK
]
  227 0000001E                 EXPORT           SPI1_IRQHandler           [WEAK
]
  228 0000001E                 EXPORT           PWM0P0_IRQHandler         [WEAK
]
  229 0000001E                 EXPORT           PWM0P1_IRQHandler         [WEAK
]
  230 0000001E                 EXPORT           PWM0P2_IRQHandler         [WEAK
]
  231 0000001E                 EXPORT           TMR0_IRQHandler           [WEAK
]
  232 0000001E                 EXPORT           TMR1_IRQHandler           [WEAK
]
  233 0000001E                 EXPORT           TMR2_IRQHandler           [WEAK
]
  234 0000001E                 EXPORT           TMR3_IRQHandler           [WEAK
]
  235 0000001E                 EXPORT           UART0_IRQHandler          [WEAK
]
  236 0000001E                 EXPORT           I2C0_IRQHandler           [WEAK
]
  237 0000001E                 EXPORT           I2C1_IRQHandler           [WEAK
]
  238 0000001E                 EXPORT           PDMA_IRQHandler           [WEAK
]
  239 0000001E                 EXPORT           EADC0_IRQHandler    [WEAK]
  240 0000001E                 EXPORT           EADC1_IRQHandler    [WEAK]
  241 0000001E                 EXPORT           EADC2_IRQHandler    [WEAK]
  242 0000001E                 EXPORT           EADC3_IRQHandler    [WEAK]
  243 0000001E                 EXPORT           SPI2_IRQHandler           [WEAK
]
  244 0000001E                 EXPORT           DMIC_IRQHandler     [WEAK]
  245 0000001E                 EXPORT           USBD_IRQHandler     [WEAK]
  246 0000001E                 EXPORT           VAD_IRQHandler     [WEAK]
  247 0000001E                 EXPORT           DPWM_IRQHandler     [WEAK]
  248 0000001E                 EXPORT           I2S0_IRQHandler           [WEAK
]



ARM Macro Assembler    Page 7 


  249 0000001E         
  250 0000001E         
  251 0000001E         BOD_IRQHandler
  252 0000001E         IRC_IRQHandler
  253 0000001E         PWRWU_IRQHandler
  254 0000001E         SRAMF_IRQHandler
  255 0000001E         CLKF_IRQHandler
  256 0000001E         RTC_IRQHandler
  257 0000001E         WDT_IRQHandler
  258 0000001E         WWDT_IRQHandler
  259 0000001E         EINT0_IRQHandler
  260 0000001E         EINT1_IRQHandler
  261 0000001E         EINT2_IRQHandler
  262 0000001E         EINT3_IRQHandler
  263 0000001E         EINT4_IRQHandler
  264 0000001E         EINT5_IRQHandler
  265 0000001E         GPA_IRQHandler
  266 0000001E         GPB_IRQHandler
  267 0000001E         GPC_IRQHandler
  268 0000001E         GPD_IRQHandler
  269 0000001E         SPI0_IRQHandler
  270 0000001E         SPI1_IRQHandler
  271 0000001E         PWM0P0_IRQHandler
  272 0000001E         PWM0P1_IRQHandler
  273 0000001E         PWM0P2_IRQHandler
  274 0000001E         TMR0_IRQHandler
  275 0000001E         TMR1_IRQHandler
  276 0000001E         TMR2_IRQHandler
  277 0000001E         TMR3_IRQHandler
  278 0000001E         UART0_IRQHandler
  279 0000001E         I2C0_IRQHandler
  280 0000001E         I2C1_IRQHandler
  281 0000001E         PDMA_IRQHandler
  282 0000001E         EADC0_IRQHandler
  283 0000001E         EADC1_IRQHandler
  284 0000001E         EADC2_IRQHandler
  285 0000001E         EADC3_IRQHandler
  286 0000001E         SPI2_IRQHandler
  287 0000001E         DMIC_IRQHandler
  288 0000001E         USBD_IRQHandler
  289 0000001E         VAD_IRQHandler
  290 0000001E         DPWM_IRQHandler
  291 0000001E         I2S0_IRQHandler
  292 0000001E E7FE            B                .
  293 00000020                 ENDP
  294 00000020         
  295 00000020         
  296 00000020                 ALIGN
  297 00000020         
  298 00000020         
  299 00000020         ; User Initial Stack & Heap
  300 00000020         
  301 00000020                 IF               :DEF:__MICROLIB
  308 00000020         
  309 00000020                 IMPORT           __use_two_region_memory
  310 00000020                 EXPORT           __user_initial_stackheap
  311 00000020         
  312 00000020         __user_initial_stackheap
                               PROC



ARM Macro Assembler    Page 8 


  313 00000020 4804            LDR              R0, =  Heap_Mem
  314 00000022 4905            LDR              R1, =(Stack_Mem + Stack_Size)
  315 00000024 4A03            LDR              R2, = (Heap_Mem +  Heap_Size)
  316 00000026 4B05            LDR              R3, = Stack_Mem
  317 00000028 4770            BX               LR
  318 0000002A                 ENDP
  319 0000002A         
  320 0000002A 00 00           ALIGN
  321 0000002C         
  322 0000002C                 ENDIF
  323 0000002C         
  324 0000002C         
  325 0000002C                 END
              00000000 
              00000000 
              00000000 
              00001000 
              00000000 
Command Line: --16 --debug --xref --diag_suppress=9931 --cpu=Cortex-M4.fp --apc
s=interwork --depend=.\obj\startup_i94100.d -o.\obj\startup_i94100.o -IC:\Keil_
v5\ARM\RV31\INC -IC:\Keil_v5\ARM\CMSIS\Include --predefine="__UVISION_VERSION S
ETA 526" --list=.\lst\startup_i94100.lst startup_I94100.s



ARM Macro Assembler    Page 1 Alphabetic symbol ordering
Relocatable symbols

STACK 00000000

Symbol: STACK
   Definitions
      At line 20 in file startup_I94100.s
   Uses
      None
Comment: STACK unused
Stack_Mem 00000000

Symbol: Stack_Mem
   Definitions
      At line 21 in file startup_I94100.s
   Uses
      At line 314 in file startup_I94100.s
      At line 316 in file startup_I94100.s

__initial_sp 00001000

Symbol: __initial_sp
   Definitions
      At line 22 in file startup_I94100.s
   Uses
      At line 48 in file startup_I94100.s
Comment: __initial_sp used once
3 symbols



ARM Macro Assembler    Page 1 Alphabetic symbol ordering
Relocatable symbols

HEAP 00000000

Symbol: HEAP
   Definitions
      At line 31 in file startup_I94100.s
   Uses
      None
Comment: HEAP unused
Heap_Mem 00000000

Symbol: Heap_Mem
   Definitions
      At line 33 in file startup_I94100.s
   Uses
      At line 313 in file startup_I94100.s
      At line 315 in file startup_I94100.s

__heap_base 00000000

Symbol: __heap_base
   Definitions
      At line 32 in file startup_I94100.s
   Uses
      None
Comment: __heap_base unused
__heap_limit 00000000

Symbol: __heap_limit
   Definitions
      At line 34 in file startup_I94100.s
   Uses
      None
Comment: __heap_limit unused
4 symbols



ARM Macro Assembler    Page 1 Alphabetic symbol ordering
Relocatable symbols

RESET 00000000

Symbol: RESET
   Definitions
      At line 43 in file startup_I94100.s
   Uses
      None
Comment: RESET unused
__Vectors 00000000

Symbol: __Vectors
   Definitions
      At line 48 in file startup_I94100.s
   Uses
      At line 44 in file startup_I94100.s
      At line 138 in file startup_I94100.s

__Vectors_End 00000154

Symbol: __Vectors_End
   Definitions
      At line 136 in file startup_I94100.s
   Uses
      At line 45 in file startup_I94100.s
      At line 138 in file startup_I94100.s

3 symbols



ARM Macro Assembler    Page 1 Alphabetic symbol ordering
Relocatable symbols

.text 00000000

Symbol: .text
   Definitions
      At line 140 in file startup_I94100.s
   Uses
      None
Comment: .text unused
BOD_IRQHandler 0000001E

Symbol: BOD_IRQHandler
   Definitions
      At line 251 in file startup_I94100.s
   Uses
      At line 66 in file startup_I94100.s
      At line 208 in file startup_I94100.s

BusFault_Handler 00000012

Symbol: BusFault_Handler
   Definitions
      At line 177 in file startup_I94100.s
   Uses
      At line 53 in file startup_I94100.s
      At line 178 in file startup_I94100.s

CLKF_IRQHandler 0000001E

Symbol: CLKF_IRQHandler
   Definitions
      At line 255 in file startup_I94100.s
   Uses
      At line 70 in file startup_I94100.s
      At line 212 in file startup_I94100.s

DMIC_IRQHandler 0000001E

Symbol: DMIC_IRQHandler
   Definitions
      At line 287 in file startup_I94100.s
   Uses
      At line 118 in file startup_I94100.s
      At line 244 in file startup_I94100.s

DPWM_IRQHandler 0000001E

Symbol: DPWM_IRQHandler
   Definitions
      At line 290 in file startup_I94100.s
   Uses
      At line 128 in file startup_I94100.s
      At line 247 in file startup_I94100.s

DebugMon_Handler 00000018

Symbol: DebugMon_Handler
   Definitions
      At line 191 in file startup_I94100.s
   Uses



ARM Macro Assembler    Page 2 Alphabetic symbol ordering
Relocatable symbols

      At line 60 in file startup_I94100.s
      At line 192 in file startup_I94100.s

Default_Handler 0000001E

Symbol: Default_Handler
   Definitions
      At line 206 in file startup_I94100.s
   Uses
      At line 71 in file startup_I94100.s
      At line 73 in file startup_I94100.s
      At line 86 in file startup_I94100.s
      At line 87 in file startup_I94100.s
      At line 90 in file startup_I94100.s
      At line 94 in file startup_I94100.s
      At line 95 in file startup_I94100.s
      At line 96 in file startup_I94100.s
      At line 97 in file startup_I94100.s
      At line 103 in file startup_I94100.s
      At line 107 in file startup_I94100.s
      At line 110 in file startup_I94100.s
      At line 111 in file startup_I94100.s
      At line 114 in file startup_I94100.s
      At line 115 in file startup_I94100.s
      At line 116 in file startup_I94100.s
      At line 120 in file startup_I94100.s
      At line 121 in file startup_I94100.s
      At line 123 in file startup_I94100.s
      At line 124 in file startup_I94100.s
      At line 125 in file startup_I94100.s
      At line 126 in file startup_I94100.s
      At line 127 in file startup_I94100.s
      At line 129 in file startup_I94100.s
      At line 130 in file startup_I94100.s
      At line 131 in file startup_I94100.s
      At line 132 in file startup_I94100.s
      At line 133 in file startup_I94100.s

EADC0_IRQHandler 0000001E

Symbol: EADC0_IRQHandler
   Definitions
      At line 282 in file startup_I94100.s
   Uses
      At line 108 in file startup_I94100.s
      At line 239 in file startup_I94100.s

EADC1_IRQHandler 0000001E

Symbol: EADC1_IRQHandler
   Definitions
      At line 283 in file startup_I94100.s
   Uses
      At line 109 in file startup_I94100.s
      At line 240 in file startup_I94100.s

EADC2_IRQHandler 0000001E

Symbol: EADC2_IRQHandler



ARM Macro Assembler    Page 3 Alphabetic symbol ordering
Relocatable symbols

   Definitions
      At line 284 in file startup_I94100.s
   Uses
      At line 112 in file startup_I94100.s
      At line 241 in file startup_I94100.s

EADC3_IRQHandler 0000001E

Symbol: EADC3_IRQHandler
   Definitions
      At line 285 in file startup_I94100.s
   Uses
      At line 113 in file startup_I94100.s
      At line 242 in file startup_I94100.s

EINT0_IRQHandler 0000001E

Symbol: EINT0_IRQHandler
   Definitions
      At line 259 in file startup_I94100.s
   Uses
      At line 76 in file startup_I94100.s
      At line 216 in file startup_I94100.s

EINT1_IRQHandler 0000001E

Symbol: EINT1_IRQHandler
   Definitions
      At line 260 in file startup_I94100.s
   Uses
      At line 77 in file startup_I94100.s
      At line 217 in file startup_I94100.s

EINT2_IRQHandler 0000001E

Symbol: EINT2_IRQHandler
   Definitions
      At line 261 in file startup_I94100.s
   Uses
      At line 78 in file startup_I94100.s
      At line 218 in file startup_I94100.s

EINT3_IRQHandler 0000001E

Symbol: EINT3_IRQHandler
   Definitions
      At line 262 in file startup_I94100.s
   Uses
      At line 79 in file startup_I94100.s
      At line 219 in file startup_I94100.s

EINT4_IRQHandler 0000001E

Symbol: EINT4_IRQHandler
   Definitions
      At line 263 in file startup_I94100.s
   Uses
      At line 80 in file startup_I94100.s
      At line 220 in file startup_I94100.s



ARM Macro Assembler    Page 4 Alphabetic symbol ordering
Relocatable symbols


EINT5_IRQHandler 0000001E

Symbol: EINT5_IRQHandler
   Definitions
      At line 264 in file startup_I94100.s
   Uses
      At line 81 in file startup_I94100.s
      At line 221 in file startup_I94100.s

GPA_IRQHandler 0000001E

Symbol: GPA_IRQHandler
   Definitions
      At line 265 in file startup_I94100.s
   Uses
      At line 82 in file startup_I94100.s
      At line 222 in file startup_I94100.s

GPB_IRQHandler 0000001E

Symbol: GPB_IRQHandler
   Definitions
      At line 266 in file startup_I94100.s
   Uses
      At line 83 in file startup_I94100.s
      At line 223 in file startup_I94100.s

GPC_IRQHandler 0000001E

Symbol: GPC_IRQHandler
   Definitions
      At line 267 in file startup_I94100.s
   Uses
      At line 84 in file startup_I94100.s
      At line 224 in file startup_I94100.s

GPD_IRQHandler 0000001E

Symbol: GPD_IRQHandler
   Definitions
      At line 268 in file startup_I94100.s
   Uses
      At line 85 in file startup_I94100.s
      At line 225 in file startup_I94100.s

HardFault_Handler 0000000E

Symbol: HardFault_Handler
   Definitions
      At line 167 in file startup_I94100.s
   Uses
      At line 51 in file startup_I94100.s
      At line 168 in file startup_I94100.s

I2C0_IRQHandler 0000001E

Symbol: I2C0_IRQHandler
   Definitions



ARM Macro Assembler    Page 5 Alphabetic symbol ordering
Relocatable symbols

      At line 279 in file startup_I94100.s
   Uses
      At line 104 in file startup_I94100.s
      At line 236 in file startup_I94100.s

I2C1_IRQHandler 0000001E

Symbol: I2C1_IRQHandler
   Definitions
      At line 280 in file startup_I94100.s
   Uses
      At line 105 in file startup_I94100.s
      At line 237 in file startup_I94100.s

I2S0_IRQHandler 0000001E

Symbol: I2S0_IRQHandler
   Definitions
      At line 291 in file startup_I94100.s
   Uses
      At line 134 in file startup_I94100.s
      At line 248 in file startup_I94100.s

IRC_IRQHandler 0000001E

Symbol: IRC_IRQHandler
   Definitions
      At line 252 in file startup_I94100.s
   Uses
      At line 67 in file startup_I94100.s
      At line 209 in file startup_I94100.s

MemManage_Handler 00000010

Symbol: MemManage_Handler
   Definitions
      At line 172 in file startup_I94100.s
   Uses
      At line 52 in file startup_I94100.s
      At line 173 in file startup_I94100.s

NMI_Handler 0000000C

Symbol: NMI_Handler
   Definitions
      At line 162 in file startup_I94100.s
   Uses
      At line 50 in file startup_I94100.s
      At line 163 in file startup_I94100.s

PDMA_IRQHandler 0000001E

Symbol: PDMA_IRQHandler
   Definitions
      At line 281 in file startup_I94100.s
   Uses
      At line 106 in file startup_I94100.s
      At line 238 in file startup_I94100.s




ARM Macro Assembler    Page 6 Alphabetic symbol ordering
Relocatable symbols

PWM0P0_IRQHandler 0000001E

Symbol: PWM0P0_IRQHandler
   Definitions
      At line 271 in file startup_I94100.s
   Uses
      At line 91 in file startup_I94100.s
      At line 228 in file startup_I94100.s

PWM0P1_IRQHandler 0000001E

Symbol: PWM0P1_IRQHandler
   Definitions
      At line 272 in file startup_I94100.s
   Uses
      At line 92 in file startup_I94100.s
      At line 229 in file startup_I94100.s

PWM0P2_IRQHandler 0000001E

Symbol: PWM0P2_IRQHandler
   Definitions
      At line 273 in file startup_I94100.s
   Uses
      At line 93 in file startup_I94100.s
      At line 230 in file startup_I94100.s

PWRWU_IRQHandler 0000001E

Symbol: PWRWU_IRQHandler
   Definitions
      At line 253 in file startup_I94100.s
   Uses
      At line 68 in file startup_I94100.s
      At line 210 in file startup_I94100.s

PendSV_Handler 0000001A

Symbol: PendSV_Handler
   Definitions
      At line 196 in file startup_I94100.s
   Uses
      At line 62 in file startup_I94100.s
      At line 197 in file startup_I94100.s

RTC_IRQHandler 0000001E

Symbol: RTC_IRQHandler
   Definitions
      At line 256 in file startup_I94100.s
   Uses
      At line 72 in file startup_I94100.s
      At line 213 in file startup_I94100.s

Reset_Handler 00000000

Symbol: Reset_Handler
   Definitions
      At line 145 in file startup_I94100.s



ARM Macro Assembler    Page 7 Alphabetic symbol ordering
Relocatable symbols

   Uses
      At line 49 in file startup_I94100.s
      At line 146 in file startup_I94100.s

SPI0_IRQHandler 0000001E

Symbol: SPI0_IRQHandler
   Definitions
      At line 269 in file startup_I94100.s
   Uses
      At line 88 in file startup_I94100.s
      At line 226 in file startup_I94100.s

SPI1_IRQHandler 0000001E

Symbol: SPI1_IRQHandler
   Definitions
      At line 270 in file startup_I94100.s
   Uses
      At line 89 in file startup_I94100.s
      At line 227 in file startup_I94100.s

SPI2_IRQHandler 0000001E

Symbol: SPI2_IRQHandler
   Definitions
      At line 286 in file startup_I94100.s
   Uses
      At line 117 in file startup_I94100.s
      At line 243 in file startup_I94100.s

SRAMF_IRQHandler 0000001E

Symbol: SRAMF_IRQHandler
   Definitions
      At line 254 in file startup_I94100.s
   Uses
      At line 69 in file startup_I94100.s
      At line 211 in file startup_I94100.s

SVC_Handler 00000016

Symbol: SVC_Handler
   Definitions
      At line 186 in file startup_I94100.s
   Uses
      At line 59 in file startup_I94100.s
      At line 187 in file startup_I94100.s

SysTick_Handler 0000001C

Symbol: SysTick_Handler
   Definitions
      At line 201 in file startup_I94100.s
   Uses
      At line 63 in file startup_I94100.s
      At line 202 in file startup_I94100.s

TMR0_IRQHandler 0000001E



ARM Macro Assembler    Page 8 Alphabetic symbol ordering
Relocatable symbols


Symbol: TMR0_IRQHandler
   Definitions
      At line 274 in file startup_I94100.s
   Uses
      At line 98 in file startup_I94100.s
      At line 231 in file startup_I94100.s

TMR1_IRQHandler 0000001E

Symbol: TMR1_IRQHandler
   Definitions
      At line 275 in file startup_I94100.s
   Uses
      At line 99 in file startup_I94100.s
      At line 232 in file startup_I94100.s

TMR2_IRQHandler 0000001E

Symbol: TMR2_IRQHandler
   Definitions
      At line 276 in file startup_I94100.s
   Uses
      At line 100 in file startup_I94100.s
      At line 233 in file startup_I94100.s

TMR3_IRQHandler 0000001E

Symbol: TMR3_IRQHandler
   Definitions
      At line 277 in file startup_I94100.s
   Uses
      At line 101 in file startup_I94100.s
      At line 234 in file startup_I94100.s

UART0_IRQHandler 0000001E

Symbol: UART0_IRQHandler
   Definitions
      At line 278 in file startup_I94100.s
   Uses
      At line 102 in file startup_I94100.s
      At line 235 in file startup_I94100.s

USBD_IRQHandler 0000001E

Symbol: USBD_IRQHandler
   Definitions
      At line 288 in file startup_I94100.s
   Uses
      At line 119 in file startup_I94100.s
      At line 245 in file startup_I94100.s

UsageFault_Handler 00000014

Symbol: UsageFault_Handler
   Definitions
      At line 182 in file startup_I94100.s
   Uses



ARM Macro Assembler    Page 9 Alphabetic symbol ordering
Relocatable symbols

      At line 54 in file startup_I94100.s
      At line 183 in file startup_I94100.s

VAD_IRQHandler 0000001E

Symbol: VAD_IRQHandler
   Definitions
      At line 289 in file startup_I94100.s
   Uses
      At line 122 in file startup_I94100.s
      At line 246 in file startup_I94100.s

WDT_IRQHandler 0000001E

Symbol: WDT_IRQHandler
   Definitions
      At line 257 in file startup_I94100.s
   Uses
      At line 74 in file startup_I94100.s
      At line 214 in file startup_I94100.s

WWDT_IRQHandler 0000001E

Symbol: WWDT_IRQHandler
   Definitions
      At line 258 in file startup_I94100.s
   Uses
      At line 75 in file startup_I94100.s
      At line 215 in file startup_I94100.s

__user_initial_stackheap 00000020

Symbol: __user_initial_stackheap
   Definitions
      At line 312 in file startup_I94100.s
   Uses
      At line 310 in file startup_I94100.s
Comment: __user_initial_stackheap used once
54 symbols



ARM Macro Assembler    Page 1 Alphabetic symbol ordering
Absolute symbols

Heap_Size 00000000

Symbol: Heap_Size
   Definitions
      At line 29 in file startup_I94100.s
   Uses
      At line 33 in file startup_I94100.s
      At line 315 in file startup_I94100.s

Stack_Size 00001000

Symbol: Stack_Size
   Definitions
      At line 19 in file startup_I94100.s
   Uses
      At line 21 in file startup_I94100.s
      At line 314 in file startup_I94100.s

__Vectors_Size 00000154

Symbol: __Vectors_Size
   Definitions
      At line 138 in file startup_I94100.s
   Uses
      At line 46 in file startup_I94100.s
Comment: __Vectors_Size used once
3 symbols



ARM Macro Assembler    Page 1 Alphabetic symbol ordering
External symbols

SystemInit 00000000

Symbol: SystemInit
   Definitions
      At line 147 in file startup_I94100.s
   Uses
      At line 153 in file startup_I94100.s
Comment: SystemInit used once
__main 00000000

Symbol: __main
   Definitions
      At line 148 in file startup_I94100.s
   Uses
      At line 155 in file startup_I94100.s
Comment: __main used once
__use_two_region_memory 00000000

Symbol: __use_two_region_memory
   Definitions
      At line 309 in file startup_I94100.s
   Uses
      None
Comment: __use_two_region_memory unused
3 symbols
406 symbols in table
